<?xml version="1.0" encoding="UTF-8"?>
<!-- Generated by org.testng.reporters.JUnitXMLReporter -->
<testsuite hostname="DESKTOP-1HEU4UN" ignored="0" name="TC_PP_03_Verify_when_user_does_not_Pass_Mandatory_Invalid_FirstName" tests="2" failures="0" timestamp="20 Aug 2019 10:11:55 GMT" time="95.57" errors="0">
  <testcase name="@AfterTest tearDown" time="0.024" classname="com.Airpay.Tests.TC_PP_01">
    <failure type="org.openqa.selenium.UnsupportedCommandException" message="Method has not yet been implemented
Build info: version: &amp;apos;3.141.59&amp;apos;, revision: &amp;apos;e82be7d358&amp;apos;, time: &amp;apos;2018-11-14T08:17:03&amp;apos;
System info: host: &amp;apos;DESKTOP-1HEU4UN&amp;apos;, ip: &amp;apos;192.168.1.136&amp;apos;, os.name: &amp;apos;Windows 10&amp;apos;, os.arch: &amp;apos;amd64&amp;apos;, os.version: &amp;apos;10.0&amp;apos;, java.version: &amp;apos;1.8.0_181&amp;apos;
Driver info: io.appium.java_client.android.AndroidDriver
Capabilities {app: C:\Users\swapnil.pawar\ecli..., appActivity: com.example.sampleairpay_up..., appPackage: com.example.sampleairpay_upi, browserName: , databaseEnabled: false, desired: {app: C:\Users\swapnil.pawar\ecli..., appActivity: com.example.sampleairpay_up..., appPackage: com.example.sampleairpay_upi, browserName: , deviceName: Redmi, platformName: android, platformVersion: 9, udid: 594daa44}, deviceManufacturer: Xiaomi, deviceModel: Redmi Note 5 Pro, deviceName: 594daa44, deviceScreenSize: 1080x2160, deviceUDID: 594daa44, javascriptEnabled: true, locationContextEnabled: false, networkConnectionEnabled: true, platform: LINUX, platformName: Android, platformVersion: 9, takesScreenshot: true, udid: 594daa44, warnings: {}, webStorageEnabled: false}
Session ID: 853a60ab-7074-4943-aaca-d7bcbd24bed8">
      <![CDATA[org.openqa.selenium.UnsupportedCommandException: Method has not yet been implemented
Build info: version: '3.141.59', revision: 'e82be7d358', time: '2018-11-14T08:17:03'
System info: host: 'DESKTOP-1HEU4UN', ip: '192.168.1.136', os.name: 'Windows 10', os.arch: 'amd64', os.version: '10.0', java.version: '1.8.0_181'
Driver info: io.appium.java_client.android.AndroidDriver
Capabilities {app: C:\Users\swapnil.pawar\ecli..., appActivity: com.example.sampleairpay_up..., appPackage: com.example.sampleairpay_upi, browserName: , databaseEnabled: false, desired: {app: C:\Users\swapnil.pawar\ecli..., appActivity: com.example.sampleairpay_up..., appPackage: com.example.sampleairpay_upi, browserName: , deviceName: Redmi, platformName: android, platformVersion: 9, udid: 594daa44}, deviceManufacturer: Xiaomi, deviceModel: Redmi Note 5 Pro, deviceName: 594daa44, deviceScreenSize: 1080x2160, deviceUDID: 594daa44, javascriptEnabled: true, locationContextEnabled: false, networkConnectionEnabled: true, platform: LINUX, platformName: Android, platformVersion: 9, takesScreenshot: true, udid: 594daa44, warnings: {}, webStorageEnabled: false}
Session ID: 853a60ab-7074-4943-aaca-d7bcbd24bed8
at org.openqa.selenium.remote.http.W3CHttpResponseCodec.createException(W3CHttpResponseCodec.java:187)
at org.openqa.selenium.remote.http.W3CHttpResponseCodec.decode(W3CHttpResponseCodec.java:122)
at org.openqa.selenium.remote.http.W3CHttpResponseCodec.decode(W3CHttpResponseCodec.java:49)
at org.openqa.selenium.remote.HttpCommandExecutor.execute(HttpCommandExecutor.java:158)
at io.appium.java_client.remote.AppiumCommandExecutor.execute(AppiumCommandExecutor.java:239)
at org.openqa.selenium.remote.RemoteWebDriver.execute(RemoteWebDriver.java:552)
at io.appium.java_client.DefaultGenericMobileDriver.execute(DefaultGenericMobileDriver.java:46)
at io.appium.java_client.AppiumDriver.execute(AppiumDriver.java:1)
at io.appium.java_client.android.AndroidDriver.execute(AndroidDriver.java:1)
at org.openqa.selenium.remote.RemoteWebDriver.close(RemoteWebDriver.java:442)
at com.Airpay.Tests.TC_PP_01.tearDown(TC_PP_01.java:39)
at com.Airpay.Utilities.Create_TestNGXML.createXMLfile(Create_TestNGXML.java:141)
... Removed 50 stack frames]]>
    </failure>
  </testcase> <!-- @AfterTest tearDown -->
  <testcase name="setup" time="0.001" classname="com.Airpay.Tests.TC_PP_01"/>
  <testcase name="TC_TestCaseName" time="65.956" classname="com.Airpay.Tests.TC_PP_01"/>
</testsuite> <!-- TC_PP_03_Verify_when_user_does_not_Pass_Mandatory_Invalid_FirstName -->
